<?xml version="1.0" encoding="UTF-8"?>
<!-- Generated by org.testng.reporters.JUnitReportReporter -->
<testsuite hostname="DESKTOP-PHHCT25" failures="0" tests="6" name="runner.TestRunner" time="6.019" errors="0" timestamp="2022-08-08T22:04:41 IST" skipped="0">
  <testcase classname="runner.TestRunner" name="runScenario" time="0.929"/>
  <system-out/>
  <testcase classname="runner.TestRunner" name="runScenario" time="0.341"/>
  <system-out/>
  <testcase classname="runner.TestRunner" name="runScenario" time="0.300"/>
  <system-out/>
  <testcase classname="runner.TestRunner" name="runScenario" time="3.775"/>
  <system-out/>
  <testcase classname="runner.TestRunner" name="runScenario" time="0.332"/>
  <system-out/>
  <testcase classname="runner.TestRunner" name="runScenario" time="0.342"/>
  <system-out/>
</testsuite> <!-- runner.TestRunner -->
